#
# A fatal error has been detected by the Java Runtime Environment:
#
#  Internal Error (javaCalls.cpp:51), pid=4628, tid=0x0000000000003fec
#  guarantee(thread->is_Java_thread()) failed: crucial check - the VM thread cannot and must not escape to Java code
#
# JRE version: Java(TM) SE Runtime Environment (8.0_271-b09) (build 1.8.0_271-b09)
# Java VM: Java HotSpot(TM) 64-Bit Server VM (25.271-b09 mixed mode windows-amd64 compressed oops)
# Failed to write core dump. Minidumps are not enabled by default on client versions of Windows
#
# If you would like to submit a bug report, please visit:
#   http://bugreport.java.com/bugreport/crash.jsp
#

---------------  T H R E A D  ---------------

Current thread (0x0000024d50794000):  VMThread [stack: 0x000000f654f00000,0x000000f655000000] [id=16364]

Stack: [0x000000f654f00000,0x000000f655000000]
Native frames: (J=compiled Java code, j=interpreted, Vv=VM code, C=native code)
V  [jvm.dll+0x33f6c9]
V  [jvm.dll+0x286122]
V  [jvm.dll+0x286dcd]
V  [jvm.dll+0x27d787]
V  [jvm.dll+0x21b9fd]
V  [jvm.dll+0x21c047]
V  [jvm.dll+0x33f5e2]
V  [jvm.dll+0x21c671]
V  [jvm.dll+0x27e9d5]
V  [jvm.dll+0x27ec1d]
V  [jvm.dll+0x27ed69]
V  [jvm.dll+0x11b2e8]
V  [jvm.dll+0x116e74]
V  [jvm.dll+0x118d13]
V  [jvm.dll+0x11957e]
V  [jvm.dll+0x116bea]
V  [jvm.dll+0x115d7a]
V  [jvm.dll+0xdd69b]
V  [jvm.dll+0xde133]
V  [jvm.dll+0x122b84]
V  [jvm.dll+0x145e40]
V  [jvm.dll+0x1c9df1]
V  [jvm.dll+0x256557]
V  [jvm.dll+0x254cc5]
V  [jvm.dll+0x25543c]
V  [jvm.dll+0x25574c]
V  [jvm.dll+0x2a2dcc]
C  [ucrtbase.dll+0x29363]
C  [KERNEL32.DLL+0x126bd]
C  [ntdll.dll+0x5dfb8]

VM_Operation (0x000000f6554ff450): GetOrSetLocal, mode: safepoint, requested by thread 0x0000024d5080a000


---------------  P R O C E S S  ---------------

Java Threads: ( => current thread )
  0x0000024d51ffb000 JavaThread "Service Thread" daemon [_thread_blocked, id=9884, stack(0x000000f655b00000,0x000000f655c00000)]
  0x0000024d51fae800 JavaThread "C1 CompilerThread3" daemon [_thread_blocked, id=15312, stack(0x000000f655a00000,0x000000f655b00000)]
  0x0000024d51f8b000 JavaThread "C2 CompilerThread2" daemon [_thread_blocked, id=11020, stack(0x000000f655900000,0x000000f655a00000)]
  0x0000024d51f56800 JavaThread "C2 CompilerThread1" daemon [_thread_blocked, id=12476, stack(0x000000f655800000,0x000000f655900000)]
  0x0000024d51f40800 JavaThread "C2 CompilerThread0" daemon [_thread_blocked, id=11272, stack(0x000000f655700000,0x000000f655800000)]
  0x0000024d50812000 JavaThread "JDWP Command Reader" daemon [_thread_in_native, id=2844, stack(0x000000f655600000,0x000000f655700000)]
  0x0000024d5080f000 JavaThread "JDWP Event Helper Thread" daemon [_thread_blocked, id=12944, stack(0x000000f655500000,0x000000f655600000)]
  0x0000024d5080a000 JavaThread "JDWP Transport Listener: dt_socket" daemon [_thread_blocked, id=13968, stack(0x000000f655400000,0x000000f655500000)]
  0x0000024d507e9800 JavaThread "Attach Listener" daemon [_thread_blocked, id=16440, stack(0x000000f655300000,0x000000f655400000)]
  0x0000024d507f0800 JavaThread "Signal Dispatcher" daemon [_thread_blocked, id=2424, stack(0x000000f655200000,0x000000f655300000)]
  0x0000024d507c3000 JavaThread "Finalizer" daemon [_thread_blocked, id=15924, stack(0x000000f655100000,0x000000f655200000)]
  0x0000024d5079a000 JavaThread "Reference Handler" daemon [_thread_blocked, id=16560, stack(0x000000f655000000,0x000000f655100000)]
  0x0000024d35168000 JavaThread "main" [_thread_blocked, id=13136, stack(0x000000f654600000,0x000000f654700000)]

Other Threads:
=>0x0000024d50794000 VMThread [stack: 0x000000f654f00000,0x000000f655000000] [id=16364]
  0x0000024d51f41000 WatcherThread [stack: 0x000000f655c00000,0x000000f655d00000] [id=15684]

VM state:at safepoint (normal execution)

VM Mutex/Monitor currently owned by a thread:  ([mutex/lock_event])
[0x0000024d35164690] Threads_lock - owner thread: 0x0000024d50794000

heap address: 0x00000006c3000000, size: 4048 MB, Compressed Oops mode: Zero based, Oop shift amount: 3
Narrow klass base: 0x0000000000000000, Narrow klass shift: 3
Compressed class space size: 1073741824 Address: 0x00000007c0000000

Heap:
 PSYoungGen      total 75776K, used 15694K [0x000000076bb00000, 0x0000000770f80000, 0x00000007c0000000)
  eden space 65024K, 24% used [0x000000076bb00000,0x000000076ca53868,0x000000076fa80000)
  from space 10752K, 0% used [0x0000000770500000,0x0000000770500000,0x0000000770f80000)
  to   space 10752K, 0% used [0x000000076fa80000,0x000000076fa80000,0x0000000770500000)
 ParOldGen       total 173568K, used 0K [0x00000006c3000000, 0x00000006cd980000, 0x000000076bb00000)
  object space 173568K, 0% used [0x00000006c3000000,0x00000006c3000000,0x00000006cd980000)
 Metaspace       used 5669K, capacity 5730K, committed 5888K, reserved 1056768K
  class space    used 629K, capacity 657K, committed 768K, reserved 1048576K

Card table byte_map: [0x0000024d45f20000,0x0000024d46710000] byte_map_base: 0x0000024d42908000

Marking Bits: (ParMarkBitMap*) 0x0000000071267fe0
 Begin Bits: [0x0000024d46c60000, 0x0000024d4aba0000)
 End Bits:   [0x0000024d4aba0000, 0x0000024d4eae0000)

Polling page: 0x0000024d352e0000

CodeCache: size=245760Kb used=1602Kb max_used=1611Kb free=244157Kb
 bounds [0x0000024d36b60000, 0x0000024d36dd0000, 0x0000024d45b60000]
 total_blobs=541 nmethods=233 adapters=229
 compilation: enabled

Compilation events (10 events):
Event: 6.121 Thread 0x0000024d51f40800 nmethod 220 0x0000024d36cf0610 code [0x0000024d36cf0780, 0x0000024d36cf0c98]
Event: 6.127 Thread 0x0000024d51f56800 nmethod 206 0x0000024d36cf3cd0 code [0x0000024d36cf3ee0, 0x0000024d36cf5408]
Event: 57.019 Thread 0x0000024d51fae800  231       3       org.eclipse.jdt.launching.internal.org.objectweb.asm.ClassReader::readUTF8 (23 bytes)
Event: 57.020 Thread 0x0000024d51fae800 nmethod 231 0x0000024d36cf3610 code [0x0000024d36cf3780, 0x0000024d36cf3b10]
Event: 57.020 Thread 0x0000024d51fae800  230       3       org.eclipse.jdt.launching.internal.org.objectweb.asm.SymbolTable$Entry::<init> (17 bytes)
Event: 57.021 Thread 0x0000024d51fae800 nmethod 230 0x0000024d36ceb5d0 code [0x0000024d36ceb740, 0x0000024d36ceb930]
Event: 215.275 Thread 0x0000024d51fae800  232       3       org.eclipse.jdt.launching.internal.org.objectweb.asm.ClassReader::readUtf (161 bytes)
Event: 215.278 Thread 0x0000024d51fae800 nmethod 232 0x0000024d36cf2b50 code [0x0000024d36cf2ce0, 0x0000024d36cf31b0]
Event: 215.278 Thread 0x0000024d51fae800  233       3       org.eclipse.jdt.launching.internal.org.objectweb.asm.SymbolTable::addConstantUtf8 (20 bytes)
Event: 215.278 Thread 0x0000024d51fae800 nmethod 233 0x0000024d36cf2350 code [0x0000024d36cf24e0, 0x0000024d36cf2910]

GC Heap History (0 events):
No events

Deoptimization events (0 events):
No events

Classes redefined (4 events):
Event: 57.020 Thread 0x0000024d50794000 redefined class name=assignment2.CharArray, count=1
Event: 215.277 Thread 0x0000024d50794000 redefined class name=assignment2.CharArray, count=2
Event: 551.902 Thread 0x0000024d50794000 redefined class name=assignment2.CharArray, count=3
Event: 607.757 Thread 0x0000024d50794000 redefined class name=assignment2.CharArray, count=4

Internal exceptions (6 events):
Event: 0.067 Thread 0x0000024d35168000 Exception <a 'java/lang/NoSuchMethodError': Method sun.misc.Unsafe.defineClass(Ljava/lang/String;[BII)Ljava/lang/Class; name or signature does not match> (0x000000076bb07cc0) thrown at [C:\jenkins\workspace\8-2-build-windows-amd64-cygwin\jdk8u271\605\hots
Event: 0.067 Thread 0x0000024d35168000 Exception <a 'java/lang/NoSuchMethodError': Method sun.misc.Unsafe.prefetchRead(Ljava/lang/Object;J)V name or signature does not match> (0x000000076bb07fa8) thrown at [C:\jenkins\workspace\8-2-build-windows-amd64-cygwin\jdk8u271\605\hotspot\src\share\vm\p
Event: 0.655 Thread 0x0000024d35168000 Exception <a 'java/security/PrivilegedActionException'> (0x000000076c13c408) thrown at [C:\jenkins\workspace\8-2-build-windows-amd64-cygwin\jdk8u271\605\hotspot\src\share\vm\prims\jvm.cpp, line 1512]
Event: 0.655 Thread 0x0000024d35168000 Exception <a 'java/security/PrivilegedActionException'> (0x000000076c13c800) thrown at [C:\jenkins\workspace\8-2-build-windows-amd64-cygwin\jdk8u271\605\hotspot\src\share\vm\prims\jvm.cpp, line 1512]
Event: 0.656 Thread 0x0000024d35168000 Exception <a 'java/security/PrivilegedActionException'> (0x000000076c140658) thrown at [C:\jenkins\workspace\8-2-build-windows-amd64-cygwin\jdk8u271\605\hotspot\src\share\vm\prims\jvm.cpp, line 1512]
Event: 0.656 Thread 0x0000024d35168000 Exception <a 'java/security/PrivilegedActionException'> (0x000000076c140a50) thrown at [C:\jenkins\workspace\8-2-build-windows-amd64-cygwin\jdk8u271\605\hotspot\src\share\vm\prims\jvm.cpp, line 1512]

Events (10 events):
Event: 607.788 Executing VM operation: GetCurrentContendedMonitor done
Event: 607.788 Executing VM operation: GetOwnedMonitorInfo
Event: 607.788 Executing VM operation: GetOwnedMonitorInfo done
Event: 608.050 Executing VM operation: GetOwnedMonitorInfo
Event: 608.050 Executing VM operation: GetOwnedMonitorInfo done
Event: 608.050 Executing VM operation: GetCurrentContendedMonitor
Event: 608.050 Executing VM operation: GetCurrentContendedMonitor done
Event: 608.064 Executing VM operation: GetOrSetLocal
Event: 608.064 Executing VM operation: GetOrSetLocal done
Event: 608.066 Executing VM operation: GetOrSetLocal


Dynamic libraries:
0x00007ff735ff0000 - 0x00007ff736037000 	C:\Program Files\Java\jre1.8.0_271\bin\javaw.exe
0x00007ffaac070000 - 0x00007ffaac284000 	C:\WINDOWS\SYSTEM32\ntdll.dll
0x00007ffa6efc0000 - 0x00007ffa6efd7000 	C:\Program Files\AVG\Antivirus\aswhook.dll
0x00007ffaab870000 - 0x00007ffaab933000 	C:\WINDOWS\System32\KERNEL32.DLL
0x00007ffaa9530000 - 0x00007ffaa98cd000 	C:\WINDOWS\System32\KERNELBASE.dll
0x00007ffaaa170000 - 0x00007ffaaa21e000 	C:\WINDOWS\System32\ADVAPI32.dll
0x00007ffaaa7f0000 - 0x00007ffaaa897000 	C:\WINDOWS\System32\msvcrt.dll
0x00007ffaaa0c0000 - 0x00007ffaaa164000 	C:\WINDOWS\System32\sechost.dll
0x00007ffaaa920000 - 0x00007ffaaaa35000 	C:\WINDOWS\System32\RPCRT4.dll
0x00007ffaa9ec0000 - 0x00007ffaaa06d000 	C:\WINDOWS\System32\USER32.dll
0x00007ffaa9cc0000 - 0x00007ffaa9ce6000 	C:\WINDOWS\System32\win32u.dll
0x00007ffaab940000 - 0x00007ffaab969000 	C:\WINDOWS\System32\GDI32.dll
0x00007ffaa98d0000 - 0x00007ffaa99e2000 	C:\WINDOWS\System32\gdi32full.dll
0x00007ffaa9490000 - 0x00007ffaa952a000 	C:\WINDOWS\System32\msvcp_win.dll
0x00007ffaa9b30000 - 0x00007ffaa9c41000 	C:\WINDOWS\System32\ucrtbase.dll
0x00007ffa8bdb0000 - 0x00007ffa8c03e000 	C:\WINDOWS\WinSxS\amd64_microsoft.windows.common-controls_6595b64144ccf1df_6.0.22621.608_none_a9444ca7c10bb01d\COMCTL32.dll
0x00007ffaa9e80000 - 0x00007ffaa9eb2000 	C:\WINDOWS\System32\IMM32.DLL
0x00007ffaa11b0000 - 0x00007ffaa11c5000 	C:\Program Files\Java\jre1.8.0_271\bin\vcruntime140.dll
0x00007ffa8e780000 - 0x00007ffa8e81b000 	C:\Program Files\Java\jre1.8.0_271\bin\msvcp140.dll
0x0000000070a70000 - 0x00000000712df000 	C:\Program Files\Java\jre1.8.0_271\bin\server\jvm.dll
0x00007ffaaa5d0000 - 0x00007ffaaa5d8000 	C:\WINDOWS\System32\PSAPI.DLL
0x00007ffa9d380000 - 0x00007ffa9d3b4000 	C:\WINDOWS\SYSTEM32\WINMM.dll
0x00007ffa9b8b0000 - 0x00007ffa9b8b9000 	C:\WINDOWS\SYSTEM32\WSOCK32.dll
0x00007ffaab6d0000 - 0x00007ffaab741000 	C:\WINDOWS\System32\WS2_32.dll
0x00007ffa9d070000 - 0x00007ffa9d07a000 	C:\WINDOWS\SYSTEM32\VERSION.dll
0x00007ffaa84e0000 - 0x00007ffaa84f8000 	C:\WINDOWS\SYSTEM32\kernel.appcore.dll
0x00007ffaa5c40000 - 0x00007ffaa5c50000 	C:\Program Files\Java\jre1.8.0_271\bin\verify.dll
0x00007ffaa1050000 - 0x00007ffaa107b000 	C:\Program Files\Java\jre1.8.0_271\bin\java.dll
0x00007ffaa1170000 - 0x00007ffaa11a6000 	C:\Program Files\Java\jre1.8.0_271\bin\jdwp.dll
0x00007ffaa1140000 - 0x00007ffaa1149000 	C:\Program Files\Java\jre1.8.0_271\bin\npt.dll
0x00007ffa8e750000 - 0x00007ffa8e780000 	C:\Program Files\Java\jre1.8.0_271\bin\instrument.dll
0x00007ffa9ebf0000 - 0x00007ffa9ec08000 	C:\Program Files\Java\jre1.8.0_271\bin\zip.dll
0x00007ffaaac90000 - 0x00007ffaab47f000 	C:\WINDOWS\System32\SHELL32.dll
0x00007ffaa74b0000 - 0x00007ffaa7d78000 	C:\WINDOWS\SYSTEM32\windows.storage.dll
0x00007ffaaa220000 - 0x00007ffaaa5aa000 	C:\WINDOWS\System32\combase.dll
0x00007ffaa7370000 - 0x00007ffaa74ae000 	C:\WINDOWS\SYSTEM32\wintypes.dll
0x00007ffaabed0000 - 0x00007ffaabfc1000 	C:\WINDOWS\System32\SHCORE.dll
0x00007ffaaac00000 - 0x00007ffaaac5e000 	C:\WINDOWS\System32\shlwapi.dll
0x00007ffaa93c0000 - 0x00007ffaa93e1000 	C:\WINDOWS\SYSTEM32\profapi.dll
0x00007ffaa1040000 - 0x00007ffaa104a000 	C:\Program Files\Java\jre1.8.0_271\bin\dt_socket.dll
0x00007ffa893b0000 - 0x00007ffa893c7000 	C:\WINDOWS\system32\napinsp.dll
0x00007ffa89390000 - 0x00007ffa893ab000 	C:\WINDOWS\system32\pnrpnsp.dll
0x00007ffaa8950000 - 0x00007ffaa89b9000 	C:\WINDOWS\System32\mswsock.dll
0x00007ffaa8040000 - 0x00007ffaa8132000 	C:\WINDOWS\SYSTEM32\DNSAPI.dll
0x00007ffaa7fd0000 - 0x00007ffaa7ffd000 	C:\WINDOWS\SYSTEM32\IPHLPAPI.DLL
0x00007ffaaac60000 - 0x00007ffaaac69000 	C:\WINDOWS\System32\NSI.dll
0x00007ffa89370000 - 0x00007ffa89381000 	C:\WINDOWS\System32\winrnr.dll
0x00007ffa9ca70000 - 0x00007ffa9ca85000 	C:\WINDOWS\system32\wshbth.dll
0x00007ffa89340000 - 0x00007ffa89361000 	C:\WINDOWS\system32\nlansp_c.dll
0x00007ffa9cb30000 - 0x00007ffa9cbb3000 	C:\WINDOWS\System32\fwpuclnt.dll
0x00007ffa92aa0000 - 0x00007ffa92aaa000 	C:\Windows\System32\rasadhlp.dll
0x00007ffa9ebd0000 - 0x00007ffa9ebec000 	C:\Program Files\Java\jre1.8.0_271\bin\net.dll
0x00007ffa90ab0000 - 0x00007ffa90ac3000 	C:\Program Files\Java\jre1.8.0_271\bin\nio.dll
0x00007ffaa6b10000 - 0x00007ffaa6d3e000 	C:\WINDOWS\SYSTEM32\dbghelp.dll
0x00007ffaabdf0000 - 0x00007ffaabec7000 	C:\WINDOWS\System32\OLEAUT32.dll
0x00007ffaa9ab0000 - 0x00007ffaa9b2b000 	C:\WINDOWS\System32\bcryptPrimitives.dll

VM Arguments:
jvm_args: -agentlib:jdwp=transport=dt_socket,suspend=y,address=localhost:63557 -javaagent:C:\Users\Gavin\Desktop\EE 422C\eclipse-jee-2020-06-R-win32-x86_64\eclipse\configuration\org.eclipse.osgi\413\0\.cp\lib\javaagent-shaded.jar -Dfile.encoding=UTF-8 
java_command: assignment2.Driver
java_class_path (initial): C:\Users\Gavin\eclipse-workspace\Assignment 2\bin;C:\Users\Gavin\Desktop\EE 422C\eclipse-jee-2020-06-R-win32-x86_64\eclipse\configuration\org.eclipse.osgi\413\0\.cp\lib\javaagent-shaded.jar
Launcher Type: SUN_STANDARD

Environment Variables:
PATH=C:/Program Files/Java/jre1.8.0_271/bin/server;C:/Program Files/Java/jre1.8.0_271/bin;C:/Program Files/Java/jre1.8.0_271/lib/amd64;C:\Program Files (x86)\Common Files\Oracle\Java\javapath;C:\WINDOWS\system32;C:\WINDOWS;C:\WINDOWS\System32\Wbem;C:\WINDOWS\System32\WindowsPowerShell\v1.0\;C:\WINDOWS\System32\OpenSSH\;C:\Users\Gavin\AppData\Local\Microsoft\WindowsApps;C:\Users\Gavin\AppData\Local\Programs\MiKTeX\miktex\bin\x64\;;C:\Users\Gavin\Desktop\EE 422C\eclipse-jee-2020-06-R-win32-x86_64\eclipse;
USERNAME=Gavin
OS=Windows_NT
PROCESSOR_IDENTIFIER=Intel64 Family 6 Model 142 Stepping 12, GenuineIntel



---------------  S Y S T E M  ---------------

OS: Windows 10.0 , 64 bit Build 22621 (10.0.22621.1105)

CPU:total 8 (initial active 8) (4 cores per cpu, 2 threads per core) family 6 model 142 stepping 12, cmov, cx8, fxsr, mmx, sse, sse2, sse3, ssse3, sse4.1, sse4.2, popcnt, avx, avx2, aes, clmul, erms, 3dnowpref, lzcnt, ht, tsc, tscinvbit, bmi1, bmi2, adx

Memory: 4k page, physical 16576500k(8630880k free), swap 18687536k(3282992k free)

vm_info: Java HotSpot(TM) 64-Bit Server VM (25.271-b09) for windows-amd64 JRE (1.8.0_271-b09), built on Sep 16 2020 19:14:59 by "" with MS VC++ 15.9 (VS2017)

time: Tue Jan 31 16:33:41 2023
timezone: Central Standard Time
elapsed time: 608.122676 seconds (0d 0h 10m 8s)

